2018-02-23 06:14:16
2018-02-23 06:14:30
2018-02-23 06:14:39
2018-02-23 06:14:47
2018-02-23 06:14:56
2018-02-23 02:14:56  pay callback:localhost/wordpress/wp-admin/admin-ajax.php   json:orderId=77&action=ALI_PAYMENT_GET_ORDER
2018-02-23 06:15:04
2018-02-23 02:15:04  pay callback:localhost/wordpress/wp-admin/admin-ajax.php   json:orderId=77&action=ALI_PAYMENT_GET_ORDER
2018-02-23 06:15:10
2018-02-23 02:15:10  pay callback:localhost/wordpress/index.php   json:
2018-02-23 06:15:17
2018-02-23 02:15:17  pay callback:localhost/wordpress/wp-admin/admin-ajax.php   json:orderId=77&action=ALI_PAYMENT_GET_ORDER
2018-02-23 06:15:29
2018-02-23 02:15:29  pay callback:localhost/wordpress/wp-admin/admin-ajax.php   json:data%5Bwp-refresh-post-lock%5D%5Bpost_id%5D=75&data%5Bwp-refresh-post-lock%5D%5Block%5D=1519366409%3A1&data%5Bwp-refresh-post-nonces%5D%5Bpost_id%5D=75&interval=15&_nonce=1c7076be78&action=heartbeat&screen_id=shop_order&has_focus=false
2018-02-23 06:15:35
2018-02-23 02:15:35  pay callback:localhost/wordpress/index.php   json:
2018-02-23 06:15:43
2018-02-23 02:15:43  pay callback:localhost/wordpress/index.php   json:security=fdfddf03cb&payment_method=caliwcpaymentgateway&country=CN&state=CN2&postcode=SAF1111&city=sdfsdf&address=sdfdsf&address_2=&s_country=CN&s_state=CN2&s_postcode=SAF1111&s_city=sdfsdf&s_address=sdfdsf&s_address_2=&has_full_address=true&post_data=billing_first_name%3Dsdf%26billing_last_name%3Dsdfsdaf%26billing_company%3Dsdfsdf%26billing_country%3DCN%26billing_address_1%3Dsdfdsf%26billing_address_2%3D%26billing_city%3Dsdfsdf%26billing_state%3DCN2%26billing_postcode%3DSAF1111%26billing_phone%3D1111%26billing_email%3Dtonyone12%2540sina.com%26order_comments%3D%26payment_method%3Dcaliwcpaymentgateway%26_wpnonce%3D754f9bb622%26_wp_http_referer%3D%252Fwordpress%252F%253Fpage_id%253D6
2018-02-23 06:16:10
2018-02-23 02:16:10  pay callback:localhost/wordpress/index.php   json:billing_first_name=sdf&billing_last_name=sdfsdaf&billing_company=sdfsdf&billing_country=CN&billing_address_1=sdfdsf&billing_address_2=&billing_city=sdfsdf&billing_state=CN2&billing_postcode=SAF1111&billing_phone=1111&billing_email=tonyone12%40sina.com&order_comments=&payment_method=caliwcpaymentgateway&_wpnonce=754f9bb622&_wp_http_referer=%2Fwordpress%2F%3Fwc-ajax%3Dupdate_order_review
2018-02-23 06:16:17
2018-02-23 02:16:17  pay callback:localhost/wordpress/index.php   json:
2018-02-23 06:16:29
2018-02-23 02:16:29  pay callback:localhost/wordpress/wp-admin/admin-ajax.php   json:orderId=77&action=ALI_PAYMENT_GET_ORDER
2018-02-23 06:16:38
2018-02-23 02:16:38  pay callback:localhost/wordpress/wp-admin/admin-ajax.php   json:orderId=77&action=ALI_PAYMENT_GET_ORDER
2018-02-23 06:16:44
2018-02-23 02:16:44  pay callback:localhost/wordpress/wp-admin/admin-ajax.php   json:data%5Bwp-refresh-post-lock%5D%5Bpost_id%5D=75&data%5Bwp-refresh-post-lock%5D%5Block%5D=1519366529%3A1&data%5Bwp-refresh-post-nonces%5D%5Bpost_id%5D=75&interval=15&_nonce=1c7076be78&action=heartbeat&screen_id=shop_order&has_focus=true
2018-02-23 06:16:51
2018-02-23 02:16:51  pay callback:localhost/wordpress/wp-admin/admin-ajax.php   json:orderId=77&action=ALI_PAYMENT_GET_ORDER
2018-02-23 06:16:57
2018-02-23 02:16:57  pay callback:localhost/wordpress/wp-admin/edit.php   json:
2018-02-23 06:17:09
2018-02-23 02:17:09  pay callback:localhost/wordpress/wp-admin/admin-ajax.php   json:data%5Bwp-refresh-post-lock%5D%5Bpost_id%5D=75&data%5Bwp-refresh-post-lock%5D%5Block%5D=1519366605%3A1&data%5Bwp-refresh-post-nonces%5D%5Bpost_id%5D=75&interval=15&_nonce=1c7076be78&action=heartbeat&screen_id=shop_order&has_focus=true
2018-02-23 06:17:15
2018-02-23 02:17:15  pay callback:localhost/wordpress/wp-admin/admin-ajax.php   json:orderId=77&action=ALI_PAYMENT_GET_ORDER
2018-02-23 06:17:21
2018-02-23 02:17:21  pay callback:localhost/wordpress/wp-admin/admin-ajax.php   json:
2018-02-23 06:17:28
2018-02-23 02:17:28  pay callback:localhost/wordpress/wp-admin/admin-ajax.php   json:data%5Bwp-check-locked-posts%5D%5B%5D=post-77&data%5Bwp-check-locked-posts%5D%5B%5D=post-75&data%5Bwp-check-locked-posts%5D%5B%5D=post-73&data%5Bwp-check-locked-posts%5D%5B%5D=post-71&data%5Bwp-check-locked-posts%5D%5B%5D=post-70&data%5Bwp-check-locked-posts%5D%5B%5D=post-68&data%5Bwp-check-locked-posts%5D%5B%5D=post-67&data%5Bwp-check-locked-posts%5D%5B%5D=post-66&data%5Bwp-check-locked-posts%5D%5B%5D=post-62&data%5Bwp-check-locked-posts%5D%5B%5D=post-61&data%5Bwp-check-locked-posts%5D%5B%5D=post-59&data%5Bwp-check-locked-posts%5D%5B%5D=post-58&data%5Bwp-check-locked-posts%5D%5B%5D=post-55&data%5Bwp-check-locked-posts%5D%5B%5D=post-53&data%5Bwp-check-locked-posts%5D%5B%5D=post-52&data%5Bwp-check-locked-posts%5D%5B%5D=post-51&data%5Bwp-check-locked-posts%5D%5B%5D=post-50&data%5Bwp-check-locked-posts%5D%5B%5D=post-48&data%5Bwp-check-locked-posts%5D%5B%5D=post-46&data%5Bwp-check-locked-posts%5D%5B%5D=post-45&interval=15&_nonce=1c7076be78&action=heartbeat&screen_id=edit-shop_order&has_focus=true
2018-02-23 06:17:34
2018-02-23 02:17:34  pay callback:localhost/wordpress/wp-admin/post.php   json:
2018-02-23 06:17:43
2018-02-23 02:17:43  pay callback:localhost/wordpress/wp-admin/admin-ajax.php   json:orderId=77&action=ALI_PAYMENT_GET_ORDER
2018-02-23 06:17:50
2018-02-23 02:17:50  pay callback:localhost/wordpress/wp-admin/admin-ajax.php   json:data%5Bwp-check-locked-posts%5D%5B%5D=post-77&data%5Bwp-check-locked-posts%5D%5B%5D=post-75&data%5Bwp-check-locked-posts%5D%5B%5D=post-73&data%5Bwp-check-locked-posts%5D%5B%5D=post-71&data%5Bwp-check-locked-posts%5D%5B%5D=post-70&data%5Bwp-check-locked-posts%5D%5B%5D=post-68&data%5Bwp-check-locked-posts%5D%5B%5D=post-67&data%5Bwp-check-locked-posts%5D%5B%5D=post-66&data%5Bwp-check-locked-posts%5D%5B%5D=post-62&data%5Bwp-check-locked-posts%5D%5B%5D=post-61&data%5Bwp-check-locked-posts%5D%5B%5D=post-59&data%5Bwp-check-locked-posts%5D%5B%5D=post-58&data%5Bwp-check-locked-posts%5D%5B%5D=post-55&data%5Bwp-check-locked-posts%5D%5B%5D=post-53&data%5Bwp-check-locked-posts%5D%5B%5D=post-52&data%5Bwp-check-locked-posts%5D%5B%5D=post-51&data%5Bwp-check-locked-posts%5D%5B%5D=post-50&data%5Bwp-check-locked-posts%5D%5B%5D=post-48&data%5Bwp-check-locked-posts%5D%5B%5D=post-46&data%5Bwp-check-locked-posts%5D%5B%5D=post-45&interval=15&_nonce=1c7076be78&action=heartbeat&screen_id=edit-shop_order&has_focus=true
2018-02-23 06:17:56
2018-02-23 02:17:56  pay callback:localhost/wordpress/wp-admin/admin-ajax.php   json:data%5Bwp-refresh-post-lock%5D%5Bpost_id%5D=77&data%5Bwp-refresh-post-lock%5D%5Block%5D=1519366655%3A1&interval=15&_nonce=1c7076be78&action=heartbeat&screen_id=shop_order&has_focus=true
2018-02-23 06:18:03
2018-02-23 02:18:03  pay callback:localhost/wordpress/wp-admin/admin-ajax.php   json:orderId=77&action=ALI_PAYMENT_GET_ORDER
2018-02-23 06:18:09
2018-02-23 02:18:09  pay callback:localhost/wordpress/wp-admin/admin-ajax.php   json:action=woocommerce_refund_line_items&order_id=77&refund_amount=0.01&refund_reason=&line_item_qtys=%7B%7D&line_item_totals=%7B%2276%22%3A0%7D&line_item_tax_totals=%7B%7D&api_refund=true&restock_refunded_items=true&security=d554f51ee9
2018-02-23 06:18:18
2018-02-23 02:18:18  pay callback:localhost/wordpress/index.php   json:
2018-02-23 06:18:26
2018-02-23 02:18:26  pay callback:localhost/wordpress/wp-admin/admin-ajax.php   json:data%5Bwp-refresh-post-lock%5D%5Bpost_id%5D=77&data%5Bwp-refresh-post-lock%5D%5Block%5D=1519366677%3A1&interval=15&_nonce=1c7076be78&action=heartbeat&screen_id=shop_order&has_focus=true
2018-02-23 06:18:33
2018-02-23 02:18:33  pay callback:localhost/wordpress/wp-admin/admin-ajax.php   json:orderId=77&action=ALI_PAYMENT_GET_ORDER
2018-02-23 06:18:39
2018-02-23 02:18:39  pay callback:localhost/wordpress/wp-admin/admin-ajax.php   json:action=woocommerce_refund_line_items&order_id=77&refund_amount=0.01&refund_reason=&line_item_qtys=%7B%7D&line_item_totals=%7B%2276%22%3A0%7D&line_item_tax_totals=%7B%7D&api_refund=true&restock_refunded_items=true&security=d554f51ee9
2018-02-23 06:18:51
2018-02-23 02:18:51  pay callback:localhost/wordpress/wp-admin/admin-ajax.php   json:data%5Bwp-refresh-post-lock%5D%5Bpost_id%5D=77&data%5Bwp-refresh-post-lock%5D%5Block%5D=1519366677%3A1&interval=15&_nonce=1c7076be78&action=heartbeat&screen_id=shop_order&has_focus=true
2018-02-23 06:18:57
2018-02-23 02:18:57  pay callback:localhost/wordpress/wp-admin/admin-ajax.php   json:action=woocommerce_refund_line_items&order_id=77&refund_amount=0.01&refund_reason=&line_item_qtys=%7B%7D&line_item_totals=%7B%2276%22%3A0%7D&line_item_tax_totals=%7B%7D&api_refund=true&restock_refunded_items=true&security=d554f51ee9
2018-02-23 06:19:07
2018-02-23 02:19:07  pay callback:localhost/wordpress/wp-admin/admin-ajax.php   json:data%5Bwp-refresh-post-lock%5D%5Bpost_id%5D=77&data%5Bwp-refresh-post-lock%5D%5Block%5D=1519366707%3A1&interval=15&_nonce=1c7076be78&action=heartbeat&screen_id=shop_order&has_focus=true
2018-02-23 06:19:14
2018-02-23 02:19:14  pay callback:localhost/wordpress/wp-admin/admin-ajax.php   json:data%5Bwp-refresh-post-lock%5D%5Bpost_id%5D=77&data%5Bwp-refresh-post-lock%5D%5Block%5D=1519366731%3A1&interval=15&_nonce=1c7076be78&action=heartbeat&screen_id=shop_order&has_focus=true
2018-02-23 06:19:19
2018-02-23 02:19:19  pay callback:localhost/wordpress/index.php   json:
2018-02-23 06:19:27
2018-02-23 02:19:27  pay callback:localhost/wordpress/index.php   json:security=fdfddf03cb&payment_method=caliwcpaymentgateway&country=CN&state=CN2&postcode=SAF1111&city=sdfsdf&address=sdfdsf&address_2=&s_country=CN&s_state=CN2&s_postcode=SAF1111&s_city=sdfsdf&s_address=sdfdsf&s_address_2=&has_full_address=true&post_data=billing_first_name%3Dsdf%26billing_last_name%3Dsdfsdaf%26billing_company%3Dsdfsdf%26billing_country%3DCN%26billing_address_1%3Dsdfdsf%26billing_address_2%3D%26billing_city%3Dsdfsdf%26billing_state%3DCN2%26billing_postcode%3DSAF1111%26billing_phone%3D1111%26billing_email%3Dtonyone12%2540sina.com%26order_comments%3D%26payment_method%3Dcaliwcpaymentgateway%26_wpnonce%3D754f9bb622%26_wp_http_referer%3D%252Fwordpress%252F%253Fpage_id%253D6
2018-02-23 06:19:34
2018-02-23 02:19:34  pay callback:localhost/wordpress/wp-admin/admin-ajax.php   json:data%5Bwp-refresh-post-lock%5D%5Bpost_id%5D=77&data%5Bwp-refresh-post-lock%5D%5Block%5D=1519366754%3A1&interval=15&_nonce=1c7076be78&action=heartbeat&screen_id=shop_order&has_focus=true
2018-02-23 06:19:47
2018-02-23 02:19:47  pay callback:localhost/wordpress/wp-admin/admin-ajax.php   json:data%5Bwp-refresh-post-lock%5D%5Bpost_id%5D=77&data%5Bwp-refresh-post-lock%5D%5Block%5D=1519366774%3A1&interval=15&_nonce=1c7076be78&action=heartbeat&screen_id=shop_order&has_focus=true
2018-02-23 06:21:48
2018-02-23 02:21:48  pay callback:localhost/wordpress/wp-admin/admin-ajax.php   json:data%5Bwp-refresh-post-lock%5D%5Bpost_id%5D=77&data%5Bwp-refresh-post-lock%5D%5Block%5D=1519366788%3A1&interval=15&_nonce=1c7076be78&action=heartbeat&screen_id=shop_order&has_focus=false
2018-02-23 06:22:59
2018-02-23 02:22:59  pay callback:localhost/wordpress/index.php   json:{"STATUS":"SUCCESS","FT":"20180124165120","OID":"500c941775f-5b1c-df414","TIP":"0","TOTAL":"1"}
2018-02-23 02:22:59  pay callback:localhost/wordpress/index.php   json:{"STATUS":"SUCCESS","FT":"20180124165120","OID":"500c941775f-5b1c-df414","TIP":"0","TOTAL":"1"}
2018-02-23 06:23:48
2018-02-23 02:23:48  pay callback:localhost/wordpress/wp-admin/admin-ajax.php   json:data%5Bwp-refresh-post-lock%5D%5Bpost_id%5D=77&data%5Bwp-refresh-post-lock%5D%5Block%5D=1519366908%3A1&data%5Bwp-refresh-post-nonces%5D%5Bpost_id%5D=77&interval=15&_nonce=1c7076be78&action=heartbeat&screen_id=shop_order&has_focus=false
2018-02-23 06:25:50
2018-02-23 02:25:50  pay callback:localhost/wordpress/wp-admin/admin-ajax.php   json:data%5Bwp-refresh-post-lock%5D%5Bpost_id%5D=77&data%5Bwp-refresh-post-lock%5D%5Block%5D=1519367029%3A1&data%5Bwp-refresh-post-nonces%5D%5Bpost_id%5D=77&interval=15&_nonce=1c7076be78&action=heartbeat&screen_id=shop_order&has_focus=false
2018-02-23 06:27:51
2018-02-23 02:27:51  pay callback:localhost/wordpress/wp-admin/admin-ajax.php   json:data%5Bwp-refresh-post-lock%5D%5Bpost_id%5D=77&data%5Bwp-refresh-post-lock%5D%5Block%5D=1519367150%3A1&data%5Bwp-refresh-post-nonces%5D%5Bpost_id%5D=77&interval=15&_nonce=1c7076be78&action=heartbeat&screen_id=shop_order&has_focus=false
2018-02-23 06:29:52
2018-02-23 02:29:52  pay callback:localhost/wordpress/wp-admin/admin-ajax.php   json:data%5Bwp-refresh-post-lock%5D%5Bpost_id%5D=77&data%5Bwp-refresh-post-lock%5D%5Block%5D=1519367271%3A1&data%5Bwp-refresh-post-nonces%5D%5Bpost_id%5D=77&interval=15&_nonce=1c7076be78&action=heartbeat&screen_id=shop_order&has_focus=false
